INFO:sim:172 - Generating IP...
Resolving generics for 'rom1'...
Applying external generics to 'rom1'...
Delivering associated files for 'rom1'...
Delivering EJava files for 'rom1'...
Generating implementation netlist for 'rom1'...
INFO:sim - Pre-processing HDL files for 'rom1'...
Running synthesis for 'rom1'
Running ngcbuild...
Writing VEO instantiation template for 'rom1'...
Writing Verilog behavioral simulation model for 'rom1'...
WARNING:sim - Overwriting existing file
   C:/Users/marcu/Desktop/SNES/SNES/ipcore_dir/tmp/_cg/rom1/doc/blk_mem_gen_v7_3
   _vinfo.html with file from view xilinx_documentation
Delivered 1 file into directory
C:/Users/marcu/Desktop/SNES/SNES/ipcore_dir/tmp/_cg/rom1
Generating ASY schematic symbol...
INFO:sim:949 - Finished generation of ASY schematic symbol.
Generating SYM schematic symbol for 'rom1'...
Generating metadata file...
Regenerating ISE project file for 'rom1'...
Generating ISE project...
XCO file found: rom1.xco
XMDF file found: rom1_xmdf.tcl
Adding C:/Users/marcu/Desktop/SNES/SNES/ipcore_dir/tmp/_cg/rom1.asy -view all
-origin_type imported
Adding C:/Users/marcu/Desktop/SNES/SNES/ipcore_dir/tmp/_cg/rom1.ngc -view all
-origin_type created
Checking file "C:/Users/marcu/Desktop/SNES/SNES/ipcore_dir/tmp/_cg/rom1.ngc" for
project device match ...
File "C:/Users/marcu/Desktop/SNES/SNES/ipcore_dir/tmp/_cg/rom1.ngc" device
information matches project device.
Adding C:/Users/marcu/Desktop/SNES/SNES/ipcore_dir/tmp/_cg/rom1.sym -view all
-origin_type imported
Adding C:/Users/marcu/Desktop/SNES/SNES/ipcore_dir/tmp/_cg/rom1.v -view all
-origin_type created
INFO:HDLCompiler:1845 - Analyzing Verilog file
   "C:/Users/marcu/Desktop/SNES/SNES/ipcore_dir/tmp/_cg/rom1.v" into library
   work
INFO:ProjectMgmt - Parsing design hierarchy completed successfully.
Adding C:/Users/marcu/Desktop/SNES/SNES/ipcore_dir/tmp/_cg/rom1.veo -view all
-origin_type imported
INFO:TclTasksC:2116 - The automatic calculation of top has been turned-off.
   Please set the new top explicitly by running the "project set top" command.
   To re-calculate the new top automatically, set the "Auto Implementation Top"
   property to true.
Top level has been set to "/rom1"
Generating README file...
Generating FLIST file...
INFO:sim:948 - Finished FLIST file generation.
Launching README viewer...
Moving files to output directory...
Finished moving files to output directory
Wrote CGP file for project 'rom1'.
